\BOOKMARK [1][-]{section.1}{\376\377\121\110\210\114\170\024\172\166}{}% 1
\BOOKMARK [2][-]{subsection.1.1}{\376\377\126\376\120\317\122\006\122\162\142\200\147\057\166\204\123\206\123\362}{section.1}% 2
\BOOKMARK [2][-]{subsection.1.2}{\376\377\155\361\136\246\133\146\116\140\116\016\126\376\120\317\122\006\122\162}{section.1}% 3
\BOOKMARK [3][-]{subsubsection.1.2.1}{\376\377\121\150\123\167\171\357\177\121\176\334\116\016\213\355\116\111\122\006\122\162\177\121\176\334\213\276\213\241\121\306\122\031}{subsection.1.2}% 4
\BOOKMARK [1][-]{section.2}{\376\377\170\024\172\166\145\271\154\325}{}% 5
\BOOKMARK [2][-]{subsection.2.1}{\376\377\145\160\143\156\226\306\220\011\142\351\123\312\131\004\164\006}{section.2}% 6
\BOOKMARK [2][-]{subsection.2.2}{\376\377\126\376\120\317\131\004\164\006\155\101\172\013\213\276\213\241}{section.2}% 7
\BOOKMARK [3][-]{subsubsection.2.2.1}{\376\377\177\121\176\334\176\323\147\204}{subsection.2.2}% 8
\BOOKMARK [3][-]{subsubsection.2.2.2}{\376\377\133\236\232\214\124\016\131\004\164\006}{subsection.2.2}% 9
\BOOKMARK [2][-]{subsection.2.3}{\376\377\143\137\131\061\213\276\213\241}{section.2}% 10
\BOOKMARK [3][-]{subsubsection.2.3.1}{}{subsection.2.3}% 11
\BOOKMARK [3][-]{subsubsection.2.3.2}{}{subsection.2.3}% 12
\BOOKMARK [3][-]{subsubsection.2.3.3}{\376\377\000F\0001\000\040\000S\000c\000o\000r\000e}{subsection.2.3}% 13
\BOOKMARK [2][-]{subsection.2.4}{\376\377\177\121\176\334\122\035\131\313\123\026\213\276\213\241}{section.2}% 14
\BOOKMARK [3][-]{subsubsection.2.4.1}{\376\377\117\030\123\026\126\150\220\011\142\351}{subsection.2.4}% 15
\BOOKMARK [3][-]{subsubsection.2.4.2}{\376\377\122\035\131\313\123\026\145\271\154\325}{subsection.2.4}% 16
\BOOKMARK [3][-]{subsubsection.2.4.3}{\376\377\133\146\116\140\163\207\213\276\177\156}{subsection.2.4}% 17
\BOOKMARK [3][-]{subsubsection.2.4.4}{\376\377\121\166\116\326\117\030\123\026\145\271\154\325}{subsection.2.4}% 18
\BOOKMARK [1][-]{section.3}{\376\377\133\236\232\214}{}% 19
\BOOKMARK [1][-]{section*.13}{\376\377\201\364\214\042}{}% 20
\BOOKMARK [1][-]{section*.14}{\376\377\123\302\200\003\145\207\163\056}{}% 21
